================================================================================
BUILD LOG - BUILD
Started: 2025-09-05T09:51:26.789Z
Node Version: v22.17.0
Platform: win32 x64
Working Directory: C:\Users\Curio\OneDrive\Desktop\SbT\AutoCrate
================================================================================


------------------------------------------------------------
SYSTEM INFORMATION
------------------------------------------------------------
[2025-09-05T09:51:26.791Z] [INFO] Memory - RSS: 43.75 MB, Heap Used: 4.43 MB
[2025-09-05T09:51:26.792Z] [INFO] Project: autocrate@2.2.8

--- Key Dependencies ---
[2025-09-05T09:51:26.792Z] [INFO]   next: 14.0.4
[2025-09-05T09:51:26.793Z] [INFO]   react: ^18.2.0

--- Environment Variables ---
[2025-09-05T09:51:26.793Z] [INFO] NODE_ENV: not set
[2025-09-05T09:51:26.793Z] [INFO] CI: false

------------------------------------------------------------
PRE-BUILD CHECKS
------------------------------------------------------------
[2025-09-05T09:51:26.794Z] [INFO] Node version: v22.17.0

--- Checking dependencies ---

------------------------------------------------------------
EXECUTING: NPM LS --DEPTH=0 --JSON
------------------------------------------------------------
[2025-09-05T09:51:26.794Z] [INFO] Command: npm ls --depth=0 --json
[2025-09-05T09:51:26.795Z] [INFO] Working Directory: C:\Users\Curio\OneDrive\Desktop\SbT\AutoCrate

--- Output ---
{
  "version": "2.2.8",
  "name": "autocrate",
  "dependencies": {
    "@axe-core/playwright": {
      "version": "4.10.2",
      "resolved": "https://registry.npmjs.org/@axe-core/playwright/-/playwright-4.10.2.tgz",
      "overridden": false
    },
    "@babel/parser": {
      "version": "7.28.3",
      "resolved": "https://registry.npmjs.org/@babel/parser/-/parser-7.28.3.tgz",
      "overridden": false
    },
    "@babel/traverse": {
      "version": "7.28.3",
      "resolved": "https://registry.npmjs.org/@babel/traverse/-/traverse-7.28.3.tgz",
      "overridden": false
    },
    "@commitlint/cli": {
      "version": "19.8.1",
      "resolved": "https://registry.npmjs.org/@commitlint/cli/-/cli-19.8.1.tgz",
      "overridden": false
    },
    "@commitlint/config-conventional": {
      "version": "19.8.1",
      "resolved": "https://registry.npmjs.org/@commitlint/config-conventional/-/config-conventional-19.8.1.tgz",
      "overridden": false
    },
    "@playwright/test": {
      "version": "1.55.0",
      "resolved": "https://registry.npmjs.org/@playwright/test/-/test-1.55.0.tgz",
      "overridden": false
    },
    "@radix-ui/react-accordion": {
      "version": "1.2.12",
      "resolved": "https://registry.npmjs.org/@radix-ui/react-accordion/-/react-accordion-1.2.12.tgz",
      "overridden": false
    },
    "@radix-ui/react-dialog": {
      "version": "1.1.15",
      "resolved": "https://registry.npmjs.org/@radix-ui/react-dialog/-/react-dialog-1.1.15.tgz",
      "overridden": false
    },
    "@radix-ui/react-dropdown-menu": {
      "version": "2.1.16",
      "resolved": "https://registry.npmjs.org/@radix-ui/react-dropdown-menu/-/react-dropdown-menu-2.1.16.tgz",
      "overridden": false
    },
    "@radix-ui/react-label": {
      "version": "2.1.7",
      "resolved": "https://registry.npmjs.org/@radix-ui/react-label/-/react-label-2.1.7.tgz",
      "overridden": false
    },
    "@radix-ui/react-select": {
      "version": "2.2.6",
      "resolved": "https://registry.npmjs.org/@radix-ui/react-select/-/react-select-2.2.6.tgz",
      "overridden": false
    },
    "@radix-ui/react-separator": {
      "version": "1.1.7",
      "resolved": "https://registry.npmjs.org/@radix-ui/react-separator/-/react-separator-1.1.7.tgz",
      "overridden": false
    },
    "@radix-ui/react-slider": {
      "version": "1.3.6",
      "resolved": "https://registry.npmjs.org/@radix-ui/react-slider/-/react-slider-1.3.6.tgz",
      "overridden": false
    },
    "@radix-ui/react-slot": {
      "version": "1.2.3",
      "resolved": "https://registry.npmjs.org/@radix-ui/react-slot/-/react-slot-1.2.3.tgz",
      "overridden": false
    },
    "@radix-ui/react-switch": {
      "version": "1.2.6",
      "resolved": "https://registry.npmjs.org/@radix-ui/react-switch/-/react-switch-1.2.6.tgz",
      "overridden": false
    },
    "@radix-ui/react-tabs": {
      "version": "1.1.13",
      "resolved": "https://registry.npmjs.org/@radix-ui/react-tabs/-/react-tabs-1.1.13.tgz",
      "overridden": false
    },
    "@radix-ui/react-toast": {
      "version": "1.2.15",
      "resolved": "https://registry.npmjs.org/@radix-ui/react-toast/-/react-toast-1.2.15.tgz",
      "overridden": false
    },
    "@react-three/drei": {
      "version": "9.122.0",
      "resolved": "https://registry.npmjs.org/@react-three/drei/-/drei-9.122.0.tgz",
      "overridden": false
    },
    "@react-three/fiber": {
      "version": "8.18.0",
      "resolved": "https://registry.npmjs.org/@react-three/fiber/-/fiber-8.18.0.tgz",
      "overridden": false
    },
    "@testing-library/jest-dom": {
      "version": "6.8.0",
      "resolved": "https://registry.npmjs.org/@testing-library/jest-dom/-/jest-dom-6.8.0.tgz",
      "overridden": false
    },
    "@testing-library/react": {
      "version": "16.3.0",
      "resolved": "https://registry.npmjs.org/@testing-library/react/-/react-16.3.0.tgz",
      "overridden": false
    },
    "@testing-library/user-event": {
      "version": "14.6.1",
      "resolved": "https://registry.npmjs.org/@testing-library/user-event/-/user-event-14.6.1.tgz",
      "overridden": false
    },
    "@types/node": {
      "version": "24.3.1",
      "resolved": "https://registry.npmjs.org/@types/node/-/node-24.3.1.tgz",
      "overridden": false
    },
    "@types/react-dom": {
      "version": "18.3.7",
      "resolved": "https://registry.npmjs.org/@types/react-dom/-/react-dom-18.3.7.tgz",
      "overridden": false
    },
    "@types/react": {
      "version": "18.3.24",
      "resolved": "https://registry.npmjs.org/@types/react/-/react-18.3.24.tgz",
      "overridden": false
    },
    "@types/three": {
      "version": "0.159.0",
      "resolved": "https://registry.npmjs.org/@types/three/-/three-0.159.0.tgz",
      "overridden": false
    },
    "@typescript-eslint/eslint-plugin": {
      "version": "6.21.0",
      "resolved": "https://registry.npmjs.org/@typescript-eslint/eslint-plugin/-/eslint-plugin-6.21.0.tgz",
      "overridden": false
    },
    "@typescript-eslint/parser": {
      "version": "6.21.0",
      "resolved": "https://registry.npmjs.org/@typescript-eslint/parser/-/parser-6.21.0.tgz",
      "overridden": false
    },
    "@vitejs/plugin-react": {
      "version": "5.0.2",
      "resolved": "https://registry.npmjs.org/@vitejs/plugin-react/-/plugin-react-5.0.2.tgz",
      "overridden": false
    },
    "@vitest/coverage-v8": {
      "version": "3.2.4",
      "resolved": "https://registry.npmjs.org/@vitest/coverage-v8/-/coverage-v8-3.2.4.tgz",
      "overridden": false
    },
    "@vitest/ui": {
      "version": "3.2.4",
      "resolved": "https://registry.npmjs.org/@vitest/ui/-/ui-3.2.4.tgz",
      "overridden": false
    },
    "autoprefixer": {
      "version": "10.4.21",
      "resolved": "https://registry.npmjs.org/autoprefixer/-/autoprefixer-10.4.21.tgz",
      "overridden": false
    },
    "axe-core": {
      "version": "4.10.3",
      "resolved": "https://registry.npmjs.org/axe-core/-/axe-core-4.10.3.tgz",
      "overridden": false
    },
    "class-variance-authority": {
      "version": "0.7.1",
      "resolved": "https://registry.npmjs.org/class-variance-authority/-/class-variance-authority-0.7.1.tgz",
      "overridden": false
    },
    "clsx": {
      "version": "2.1.1",
      "resolved": "https://registry.npmjs.org/clsx/-/clsx-2.1.1.tgz",
      "overridden": false
    },
    "eslint-config-next": {
      "version": "14.0.4",
      "resolved": "https://registry.npmjs.org/eslint-config-next/-/eslint-config-next-14.0.4.tgz",
      "overridden": false
    },
    "eslint": {
      "version": "8.57.1",
      "resolved": "https://registry.npmjs.org/eslint/-/eslint-8.57.1.tgz",
      "overridden": false
    },
    "framer-motion": {
      "version": "12.23.12",
      "resolved": "https://registry.npmjs.org/framer-motion/-/framer-motion-12.23.12.tgz",
      "overridden": false
    },
    "glob": {
      "version": "11.0.3",
      "resolved": "https://registry.npmjs.org/glob/-/glob-11.0.3.tgz",
      "overridden": false
    },
    "happy-dom": {
      "version": "18.0.1",
      "resolved": "https://registry.npmjs.org/happy-dom/-/happy-dom-18.0.1.tgz",
      "overridden": false
    },
    "husky": {
      "version": "9.1.7",
      "resolved": "https://registry.npmjs.org/husky/-/husky-9.1.7.tgz",
      "overridden": false
    },
    "license-checker": {
      "version": "25.0.1",
      "resolved": "https://registry.npmjs.org/license-checker/-/license-checker-25.0.1.tgz",
      "overridden": false
    },
    "lint-staged": {
      "version": "16.1.6",
      "resolved": "https://registry.npmjs.org/lint-staged/-/lint-staged-16.1.6.tgz",
      "overridden": false
    },
    "lucide-react": {
      "version": "0.294.0",
      "resolved": "https://registry.npmjs.org/lucide-react/-/lucide-react-0.294.0.tgz",
      "overridden": false
    },
    "msw": {
      "version": "2.11.1",
      "resolved": "https://registry.npmjs.org/msw/-/msw-2.11.1.tgz",
      "overridden": false
    },
    "next-auth": {
      "version": "4.24.11",
      "resolved": "https://registry.npmjs.org/next-auth/-/next-auth-4.24.11.tgz",
      "overridden": false
    },
    "next": {
      "version": "14.0.4",
      "resolved": "https://registry.npmjs.org/next/-/next-14.0.4.tgz",
      "overridden": false
    },
    "pa11y": {
      "version": "9.0.0",
      "resolved": "https://registry.npmjs.org/pa11y/-/pa11y-9.0.0.tgz",
      "overridden": false
    },
    "postcss": {
      "version": "8.5.6",
      "resolved": "https://registry.npmjs.org/postcss/-/postcss-8.5.6.tgz",
      "overridden": false
    },
    "prettier": {
      "version": "3.6.2",
      "resolved": "https://registry.npmjs.org/prettier/-/prettier-3.6.2.tgz",
      "overridden": false
    },
    "puppeteer": {
      "version": "24.19.0",
      "resolved": "https://registry.npmjs.org/puppeteer/-/puppeteer-24.19.0.tgz",
      "overridden": false
    },
    "react-dom": {
      "version": "18.3.1",
      "resolved": "https://registry.npmjs.org/react-dom/-/react-dom-18.3.1.tgz",
      "overridden": false
    },
    "react-hook-form": {
      "version": "7.62.0",
      "resolved": "https://registry.npmjs.org/react-hook-form/-/react-hook-form-7.62.0.tgz",
      "overridden": false
    },
    "react": {
      "version": "18.3.1",
      "resolved": "https://registry.npmjs.org/react/-/react-18.3.1.tgz",
      "overridden": false
    },
    "resize-observer-polyfill": {
      "version": "1.5.1",
      "resolved": "https://registry.npmjs.org/resize-observer-polyfill/-/resize-observer-polyfill-1.5.1.tgz",
      "overridden": false
    },
    "rimraf": {
      "version": "6.0.1",
      "resolved": "https://registry.npmjs.org/rimraf/-/rimraf-6.0.1.tgz",
      "overridden": false
    },
    "standard-version": {
      "version": "9.5.0",
      "resolved": "https://registry.npmjs.org/standard-version/-/standard-version-9.5.0.tgz",
      "overridden": false
    },
    "tailwind-merge": {
      "version": "2.6.0",
      "resolved": "https://registry.npmjs.org/tailwind-merge/-/tailwind-merge-2.6.0.tgz",
      "overridden": false
    },
    "tailwindcss-animate": {
      "version": "1.0.7",
      "resolved": "https://registry.npmjs.org/tailwindcss-animate/-/tailwindcss-animate-1.0.7.tgz",
      "overridden": false
    },
    "tailwindcss": {
      "version": "3.4.17",
      "resolved": "https://registry.npmjs.org/tailwindcss/-/tailwindcss-3.4.17.tgz",
      "overridden": false
    },
    "three": {
      "version": "0.159.0",
      "resolved": "https://registry.npmjs.org/three/-/three-0.159.0.tgz",
      "overridden": false
    },
    "typescript": {
      "version": "5.9.2",
      "resolved": "https://registry.npmjs.org/typescript/-/typescript-5.9.2.tgz",
      "overridden": false
    },
    "vitest": {
      "version": "3.2.4",
      "resolved": "https://registry.npmjs.org/vitest/-/vitest-3.2.4.tgz",
      "overridden": false
    },
    "zod": {
      "version": "3.25.76",
      "resolved": "https://registry.npmjs.org/zod/-/zod-3.25.76.tgz",
      "overridden": false
    },
    "zustand": {
      "version": "4.5.7",
      "resolved": "https://registry.npmjs.org/zustand/-/zustand-4.5.7.tgz",
      "overridden": false
    }
  }
}

[2025-09-05T09:51:27.600Z] [SUCCESS] Command completed in 805ms

------------------------------------------------------------
CLEANING PREVIOUS BUILD
------------------------------------------------------------

------------------------------------------------------------
EXECUTING: NPM RUN CLEAN
------------------------------------------------------------
[2025-09-05T09:51:27.600Z] [INFO] Command: npm run clean
[2025-09-05T09:51:27.601Z] [INFO] Working Directory: C:\Users\Curio\OneDrive\Desktop\SbT\AutoCrate

--- Output ---

> autocrate@2.2.8 clean
> rimraf .next out


[2025-09-05T09:51:28.017Z] [SUCCESS] Command completed in 417ms

------------------------------------------------------------
TYPE CHECKING
------------------------------------------------------------

------------------------------------------------------------
EXECUTING: NPM RUN TYPE-CHECK
------------------------------------------------------------
[2025-09-05T09:51:28.019Z] [INFO] Command: npm run type-check
[2025-09-05T09:51:28.019Z] [INFO] Working Directory: C:\Users\Curio\OneDrive\Desktop\SbT\AutoCrate

--- Output ---

> autocrate@2.2.8 type-check
> tsc --noEmit


[2025-09-05T09:51:30.994Z] [SUCCESS] Command completed in 2.98s
[2025-09-05T09:51:30.994Z] [SUCCESS] Type checking passed

------------------------------------------------------------
LINTING
------------------------------------------------------------

------------------------------------------------------------
EXECUTING: NPM RUN LINT
------------------------------------------------------------
[2025-09-05T09:51:30.995Z] [INFO] Command: npm run lint
[2025-09-05T09:51:30.995Z] [INFO] Working Directory: C:\Users\Curio\OneDrive\Desktop\SbT\AutoCrate

--- Output ---

> autocrate@2.2.8 lint
> next lint

✔ No ESLint warnings or errors

[2025-09-05T09:51:33.966Z] [SUCCESS] Command completed in 2.97s
[2025-09-05T09:51:33.966Z] [SUCCESS] Linting passed

------------------------------------------------------------
MAIN BUILD PROCESS
------------------------------------------------------------
[2025-09-05T09:51:33.966Z] [INFO] Executing: npm run build

------------------------------------------------------------
EXECUTING: NPM RUN BUILD
------------------------------------------------------------
[2025-09-05T09:51:33.967Z] [INFO] Command: npm run build
[2025-09-05T09:51:33.967Z] [INFO] Working Directory: C:\Users\Curio\OneDrive\Desktop\SbT\AutoCrate

--- Output ---

> autocrate@2.2.8 build
> next build

   ▲ Next.js 14.0.4

   Creating an optimized production build ...
 ✓ Compiled successfully
   Linting and checking validity of types ...
   Collecting page data ...
   Generating static pages (0/5) ...
   Generating static pages (1/5) 
   Generating static pages (2/5) 
   Generating static pages (3/5) 
 ✓ Generating static pages (5/5) 
   Finalizing page optimization ...
   Collecting build traces ...

Route (app)                              Size     First Load JS
┌ ○ /                                    313 kB          395 kB
├ ○ /_not-found                          869 B          82.8 kB
└ ○ /about                               138 B          82.1 kB
+ First Load JS shared by all            82 kB
  ├ chunks/938-1bffdb34c52c0e17.js       26.7 kB
  ├ chunks/fd9d1056-989b7c75180745aa.js  53.3 kB
  ├ chunks/main-app-d8ced465511b9272.js  220 B
  └ chunks/webpack-9a8f5a9a4750496c.js   1.77 kB


○  (Static)  prerendered as static content


[2025-09-05T09:51:56.853Z] [SUCCESS] Command completed in 22.89s
[2025-09-05T09:51:56.854Z] [SUCCESS] Build completed successfully

------------------------------------------------------------
BUILD OUTPUT ANALYSIS
------------------------------------------------------------

--- Output Statistics ---
[2025-09-05T09:51:56.859Z] [INFO] Total Files: 92
[2025-09-05T09:51:56.859Z] [INFO] Total Size: 125.19 MB
[2025-09-05T09:51:56.859Z] [INFO] Largest File: .next\cache\webpack\server-production\0.pack (58.11 MB)

--- Files by Type ---
[2025-09-05T09:51:56.860Z] [INFO]   .json: 26 files, 46.15 KB
[2025-09-05T09:51:56.860Z] [INFO]   .no-ext: 4 files, 1.24 MB
[2025-09-05T09:51:56.860Z] [INFO]   .pack: 4 files, 120.64 MB
[2025-09-05T09:51:56.861Z] [INFO]   .js: 36 files, 2.94 MB
[2025-09-05T09:51:56.861Z] [INFO]   .html: 5 files, 64.90 KB
[2025-09-05T09:51:56.861Z] [INFO]   .meta: 3 files, 293.00 B
[2025-09-05T09:51:56.861Z] [INFO]   .rsc: 3 files, 16.41 KB
[2025-09-05T09:51:56.861Z] [INFO]   .css: 1 files, 32.06 KB
[2025-09-05T09:51:56.862Z] [INFO]   .woff2: 7 files, 213.87 KB
[2025-09-05T09:51:56.862Z] [INFO]   .ts: 3 files, 10.26 KB
[2025-09-05T09:51:56.862Z] [INFO] Built 2 pages

------------------------------------------------------------
POST-BUILD VALIDATION
------------------------------------------------------------
[2025-09-05T09:51:56.863Z] [SUCCESS] .next directory exists
[2025-09-05T09:51:56.863Z] [INFO] Found: BUILD_ID
[2025-09-05T09:51:56.863Z] [INFO] Found: build-manifest.json

------------------------------------------------------------
BUILD SUMMARY
------------------------------------------------------------
[2025-09-05T09:51:56.864Z] [INFO] Total Duration: 30.08s
[2025-09-05T09:51:56.864Z] [INFO] Status: SUCCESS

--- Build Statistics ---
[2025-09-05T09:51:56.865Z] [INFO]   buildDuration: 22888
[2025-09-05T09:51:56.865Z] [INFO]   pages: 2

================================================================================
Build completed at: 2025-09-05T09:51:56.866Z
Total Duration: 30.08s
Log file: C:\Users\Curio\OneDrive\Desktop\SbT\AutoCrate\build-logs\build-2025-09-05T09-51-26-788Z.log
================================================================================
